<?xml version="1.0" encoding="UTF-8"?>
<!-- Generated by org.testng.reporters.JUnitReportReporter -->
<testsuite hostname="MamMaltLaptop" failures="0" tests="1" name="script.Test1" time="7.674" errors="0" timestamp="2023-06-23T08:46:52 IST" skipped="0">
  <testcase classname="script.Test1" name="test1" time="7.674">
    <system-out>
      <![CDATA[
test1...]]>
    </system-out>
  </testcase> <!-- test1 -->
  <system-out>
    <![CDATA[
test1...]]>
  </system-out>
</testsuite> <!-- script.Test1 -->
